<?xml version="1.0" encoding="UTF-8"?>
<testsuite name="com.jojoldu.book.springboot.domain.posts.PostsRepositoryTest" tests="2" skipped="0" failures="0" errors="0" timestamp="2022-11-16T12:26:11" hostname="DESKTOP-9IOCL2E" time="0.194">
  <properties/>
  <testcase name="게시글저장_불러오기" classname="com.jojoldu.book.springboot.domain.posts.PostsRepositoryTest" time="0.186"/>
  <testcase name="BaseTimeEntity_등록" classname="com.jojoldu.book.springboot.domain.posts.PostsRepositoryTest" time="0.007"/>
  <system-out><![CDATA[21:26:07.323 [Test worker] DEBUG org.springframework.test.context.junit4.SpringJUnit4ClassRunner - SpringJUnit4ClassRunner constructor called with [class com.jojoldu.book.springboot.domain.posts.PostsRepositoryTest]
21:26:07.329 [Test worker] DEBUG org.springframework.test.context.BootstrapUtils - Instantiating CacheAwareContextLoaderDelegate from class [org.springframework.test.context.cache.DefaultCacheAwareContextLoaderDelegate]
21:26:07.335 [Test worker] DEBUG org.springframework.test.context.BootstrapUtils - Instantiating BootstrapContext using constructor [public org.springframework.test.context.support.DefaultBootstrapContext(java.lang.Class,org.springframework.test.context.CacheAwareContextLoaderDelegate)]
21:26:07.349 [Test worker] DEBUG org.springframework.test.context.BootstrapUtils - Instantiating TestContextBootstrapper for test class [com.jojoldu.book.springboot.domain.posts.PostsRepositoryTest] from class [org.springframework.boot.test.context.SpringBootTestContextBootstrapper]
21:26:07.360 [Test worker] INFO org.springframework.boot.test.context.SpringBootTestContextBootstrapper - Neither @ContextConfiguration nor @ContextHierarchy found for test class [com.jojoldu.book.springboot.domain.posts.PostsRepositoryTest], using SpringBootContextLoader
21:26:07.362 [Test worker] DEBUG org.springframework.test.context.support.AbstractContextLoader - Did not detect default resource location for test class [com.jojoldu.book.springboot.domain.posts.PostsRepositoryTest]: class path resource [com/jojoldu/book/springboot/domain/posts/PostsRepositoryTest-context.xml] does not exist
21:26:07.363 [Test worker] DEBUG org.springframework.test.context.support.AbstractContextLoader - Did not detect default resource location for test class [com.jojoldu.book.springboot.domain.posts.PostsRepositoryTest]: class path resource [com/jojoldu/book/springboot/domain/posts/PostsRepositoryTestContext.groovy] does not exist
21:26:07.363 [Test worker] INFO org.springframework.test.context.support.AbstractContextLoader - Could not detect default resource locations for test class [com.jojoldu.book.springboot.domain.posts.PostsRepositoryTest]: no resource found for suffixes {-context.xml, Context.groovy}.
21:26:07.364 [Test worker] INFO org.springframework.test.context.support.AnnotationConfigContextLoaderUtils - Could not detect default configuration classes for test class [com.jojoldu.book.springboot.domain.posts.PostsRepositoryTest]: PostsRepositoryTest does not declare any static, non-private, non-final, nested classes annotated with @Configuration.
21:26:07.396 [Test worker] DEBUG org.springframework.test.context.support.ActiveProfilesUtils - Could not find an 'annotation declaring class' for annotation type [org.springframework.test.context.ActiveProfiles] and class [com.jojoldu.book.springboot.domain.posts.PostsRepositoryTest]
21:26:07.454 [Test worker] DEBUG org.springframework.context.annotation.ClassPathScanningCandidateComponentProvider - Identified candidate component class: file [C:\Users\sn990\Desktop\gdsc\spring_study\2022-02-Spring-Novice-Study\정영주\freelec-springboot2-webservice\build\classes\java\main\com\jojoldu\book\springboot\Application.class]
21:26:07.455 [Test worker] INFO org.springframework.boot.test.context.SpringBootTestContextBootstrapper - Found @SpringBootConfiguration com.jojoldu.book.springboot.Application for test class com.jojoldu.book.springboot.domain.posts.PostsRepositoryTest
21:26:07.534 [Test worker] DEBUG org.springframework.boot.test.context.SpringBootTestContextBootstrapper - @TestExecutionListeners is not present for class [com.jojoldu.book.springboot.domain.posts.PostsRepositoryTest]: using defaults.
21:26:07.535 [Test worker] INFO org.springframework.boot.test.context.SpringBootTestContextBootstrapper - Loaded default TestExecutionListener class names from location [META-INF/spring.factories]: [org.springframework.security.test.context.support.WithSecurityContextTestExecutionListener, org.springframework.security.test.context.support.ReactorContextTestExecutionListener, org.springframework.boot.test.autoconfigure.restdocs.RestDocsTestExecutionListener, org.springframework.boot.test.autoconfigure.web.client.MockRestServiceServerResetTestExecutionListener, org.springframework.boot.test.autoconfigure.web.servlet.MockMvcPrintOnlyOnFailureTestExecutionListener, org.springframework.boot.test.autoconfigure.web.servlet.WebDriverTestExecutionListener, org.springframework.boot.test.mock.mockito.MockitoTestExecutionListener, org.springframework.boot.test.mock.mockito.ResetMocksTestExecutionListener, org.springframework.test.context.web.ServletTestExecutionListener, org.springframework.test.context.support.DirtiesContextBeforeModesTestExecutionListener, org.springframework.test.context.support.DependencyInjectionTestExecutionListener, org.springframework.test.context.support.DirtiesContextTestExecutionListener, org.springframework.test.context.transaction.TransactionalTestExecutionListener, org.springframework.test.context.jdbc.SqlScriptsTestExecutionListener]
21:26:07.552 [Test worker] INFO org.springframework.boot.test.context.SpringBootTestContextBootstrapper - Using TestExecutionListeners: [org.springframework.test.context.web.ServletTestExecutionListener@187c035d, org.springframework.test.context.support.DirtiesContextBeforeModesTestExecutionListener@2a4104ba, org.springframework.boot.test.mock.mockito.MockitoTestExecutionListener@161dd806, org.springframework.boot.test.autoconfigure.SpringBootDependencyInjectionTestExecutionListener@ea730b7, org.springframework.test.context.support.DirtiesContextTestExecutionListener@76b9bcd5, org.springframework.test.context.transaction.TransactionalTestExecutionListener@54ff026c, org.springframework.test.context.jdbc.SqlScriptsTestExecutionListener@2c5a3d1d, org.springframework.security.test.context.support.WithSecurityContextTestExecutionListener@1b4f92a9, org.springframework.security.test.context.support.ReactorContextTestExecutionListener@20abda01, org.springframework.boot.test.autoconfigure.restdocs.RestDocsTestExecutionListener@ceb401a, org.springframework.boot.test.autoconfigure.web.client.MockRestServiceServerResetTestExecutionListener@71a4264f, org.springframework.boot.test.autoconfigure.web.servlet.MockMvcPrintOnlyOnFailureTestExecutionListener@16193808, org.springframework.boot.test.autoconfigure.web.servlet.WebDriverTestExecutionListener@689c8318, org.springframework.boot.test.mock.mockito.ResetMocksTestExecutionListener@3e21f581]
21:26:07.554 [Test worker] DEBUG org.springframework.test.annotation.ProfileValueUtils - Retrieved @ProfileValueSourceConfiguration [null] for test class [com.jojoldu.book.springboot.domain.posts.PostsRepositoryTest]
21:26:07.554 [Test worker] DEBUG org.springframework.test.annotation.ProfileValueUtils - Retrieved ProfileValueSource type [class org.springframework.test.annotation.SystemProfileValueSource] for class [com.jojoldu.book.springboot.domain.posts.PostsRepositoryTest]
21:26:07.556 [Test worker] DEBUG org.springframework.test.annotation.ProfileValueUtils - Retrieved @ProfileValueSourceConfiguration [null] for test class [com.jojoldu.book.springboot.domain.posts.PostsRepositoryTest]
21:26:07.556 [Test worker] DEBUG org.springframework.test.annotation.ProfileValueUtils - Retrieved ProfileValueSource type [class org.springframework.test.annotation.SystemProfileValueSource] for class [com.jojoldu.book.springboot.domain.posts.PostsRepositoryTest]
21:26:07.556 [Test worker] DEBUG org.springframework.test.annotation.ProfileValueUtils - Retrieved @ProfileValueSourceConfiguration [null] for test class [com.jojoldu.book.springboot.domain.posts.PostsRepositoryTest]
21:26:07.556 [Test worker] DEBUG org.springframework.test.annotation.ProfileValueUtils - Retrieved ProfileValueSource type [class org.springframework.test.annotation.SystemProfileValueSource] for class [com.jojoldu.book.springboot.domain.posts.PostsRepositoryTest]
21:26:07.560 [Test worker] DEBUG org.springframework.test.context.support.AbstractDirtiesContextTestExecutionListener - Before test class: context [DefaultTestContext@3c3b07a3 testClass = PostsRepositoryTest, testInstance = [null], testMethod = [null], testException = [null], mergedContextConfiguration = [WebMergedContextConfiguration@533c42ae testClass = PostsRepositoryTest, locations = '{}', classes = '{class com.jojoldu.book.springboot.Application}', contextInitializerClasses = '[]', activeProfiles = '{}', propertySourceLocations = '{}', propertySourceProperties = '{org.springframework.boot.test.context.SpringBootTestContextBootstrapper=true}', contextCustomizers = set[org.springframework.boot.test.autoconfigure.properties.PropertyMappingContextCustomizer@0, org.springframework.boot.test.autoconfigure.web.servlet.WebDriverContextCustomizerFactory$Customizer@43b97c7, org.springframework.boot.test.context.filter.ExcludeFilterContextCustomizer@5a11eb6d, org.springframework.boot.test.json.DuplicateJsonObjectContextCustomizerFactory$DuplicateJsonObjectContextCustomizer@144fb3c7, org.springframework.boot.test.mock.mockito.MockitoContextCustomizer@0, org.springframework.boot.test.web.client.TestRestTemplateContextCustomizer@96977d5], resourceBasePath = 'src/main/webapp', contextLoader = 'org.springframework.boot.test.context.SpringBootContextLoader', parent = [null]], attributes = map['org.springframework.test.context.web.ServletTestExecutionListener.activateListener' -> true]], class annotated with @DirtiesContext [false] with mode [null].
21:26:07.561 [Test worker] DEBUG org.springframework.test.annotation.ProfileValueUtils - Retrieved @ProfileValueSourceConfiguration [null] for test class [com.jojoldu.book.springboot.domain.posts.PostsRepositoryTest]
21:26:07.561 [Test worker] DEBUG org.springframework.test.annotation.ProfileValueUtils - Retrieved ProfileValueSource type [class org.springframework.test.annotation.SystemProfileValueSource] for class [com.jojoldu.book.springboot.domain.posts.PostsRepositoryTest]
21:26:07.579 [Test worker] DEBUG org.springframework.test.context.support.TestPropertySourceUtils - Adding inlined properties to environment: {spring.jmx.enabled=false, org.springframework.boot.test.context.SpringBootTestContextBootstrapper=true, server.port=-1}

  .   ____          _            __ _ _
 /\\ / ___'_ __ _ _(_)_ __  __ _ \ \ \ \
( ( )\___ | '_ | '_| | '_ \/ _` | \ \ \ \
 \\/  ___)| |_)| | | | | || (_| |  ) ) ) )
  '  |____| .__|_| |_|_| |_\__, | / / / /
 =========|_|==============|___/=/_/_/_/
 :: Spring Boot ::        (v2.1.7.RELEASE)

2022-11-16 21:26:07.755  INFO 20712 --- [    Test worker] c.j.b.s.d.posts.PostsRepositoryTest      : Starting PostsRepositoryTest on DESKTOP-9IOCL2E with PID 20712 (started by sn990 in C:\Users\sn990\Desktop\gdsc\spring_study\2022-02-Spring-Novice-Study\정영주\freelec-springboot2-webservice)
2022-11-16 21:26:07.756  INFO 20712 --- [    Test worker] c.j.b.s.d.posts.PostsRepositoryTest      : No active profile set, falling back to default profiles: default
2022-11-16 21:26:08.422  INFO 20712 --- [    Test worker] .s.d.r.c.RepositoryConfigurationDelegate : Bootstrapping Spring Data repositories in DEFAULT mode.
2022-11-16 21:26:08.475  INFO 20712 --- [    Test worker] .s.d.r.c.RepositoryConfigurationDelegate : Finished Spring Data repository scanning in 47ms. Found 2 repository interfaces.
2022-11-16 21:26:08.862  INFO 20712 --- [    Test worker] trationDelegate$BeanPostProcessorChecker : Bean 'org.springframework.transaction.annotation.ProxyTransactionManagementConfiguration' of type [org.springframework.transaction.annotation.ProxyTransactionManagementConfiguration$$EnhancerBySpringCGLIB$$553c3859] is not eligible for getting processed by all BeanPostProcessors (for example: not eligible for auto-proxying)
2022-11-16 21:26:09.062  INFO 20712 --- [    Test worker] com.zaxxer.hikari.HikariDataSource       : HikariPool-1 - Starting...
2022-11-16 21:26:09.189  INFO 20712 --- [    Test worker] com.zaxxer.hikari.HikariDataSource       : HikariPool-1 - Start completed.
2022-11-16 21:26:09.260  INFO 20712 --- [    Test worker] o.hibernate.jpa.internal.util.LogHelper  : HHH000204: Processing PersistenceUnitInfo [
	name: default
	...]
2022-11-16 21:26:09.323  INFO 20712 --- [    Test worker] org.hibernate.Version                    : HHH000412: Hibernate Core {5.3.10.Final}
2022-11-16 21:26:09.324  INFO 20712 --- [    Test worker] org.hibernate.cfg.Environment            : HHH000206: hibernate.properties not found
2022-11-16 21:26:09.510  INFO 20712 --- [    Test worker] o.hibernate.annotations.common.Version   : HCANN000001: Hibernate Commons Annotations {5.0.4.Final}
2022-11-16 21:26:09.635  INFO 20712 --- [    Test worker] org.hibernate.dialect.Dialect            : HHH000400: Using dialect: org.hibernate.dialect.MySQL5InnoDBDialect
Hibernate: drop table if exists posts
Hibernate: drop table if exists user
Hibernate: create table posts (id bigint not null auto_increment, created_date datetime, modified_date datetime, author varchar(255), content TEXT not null, title varchar(500) not null, primary key (id)) engine=InnoDB
Hibernate: create table user (id bigint not null auto_increment, created_date datetime, modified_date datetime, email varchar(255) not null, name varchar(255) not null, picture varchar(255), role varchar(255) not null, primary key (id)) engine=InnoDB
2022-11-16 21:26:10.152  INFO 20712 --- [    Test worker] o.h.t.schema.internal.SchemaCreatorImpl  : HHH000476: Executing import script 'org.hibernate.tool.schema.internal.exec.ScriptSourceInputNonExistentImpl@5a2dda97'
2022-11-16 21:26:10.154  INFO 20712 --- [    Test worker] j.LocalContainerEntityManagerFactoryBean : Initialized JPA EntityManagerFactory for persistence unit 'default'
2022-11-16 21:26:10.568  INFO 20712 --- [    Test worker] o.h.h.i.QueryTranslatorFactoryInitiator  : HHH000397: Using ASTQueryTranslatorFactory
2022-11-16 21:26:11.009  INFO 20712 --- [    Test worker] o.s.s.web.DefaultSecurityFilterChain     : Creating filter chain: any request, [org.springframework.security.web.context.request.async.WebAsyncManagerIntegrationFilter@731d0a55, org.springframework.security.web.context.SecurityContextPersistenceFilter@c41026d, org.springframework.security.web.header.HeaderWriterFilter@7fc29a70, org.springframework.security.web.authentication.logout.LogoutFilter@27b78dcf, org.springframework.security.oauth2.client.web.OAuth2AuthorizationRequestRedirectFilter@59b2bbd2, org.springframework.security.oauth2.client.web.OAuth2LoginAuthenticationFilter@65a659de, org.springframework.security.web.authentication.ui.DefaultLoginPageGeneratingFilter@2219fbf3, org.springframework.security.web.authentication.ui.DefaultLogoutPageGeneratingFilter@674f84c2, org.springframework.security.web.savedrequest.RequestCacheAwareFilter@28b951d4, org.springframework.security.web.servletapi.SecurityContextHolderAwareRequestFilter@2583a0b7, org.springframework.security.web.authentication.AnonymousAuthenticationFilter@33bf7528, org.springframework.security.web.session.SessionManagementFilter@397bc74f, org.springframework.security.web.access.ExceptionTranslationFilter@34c733a, org.springframework.security.web.access.intercept.FilterSecurityInterceptor@3668ccb3]
2022-11-16 21:26:11.397  INFO 20712 --- [    Test worker] o.s.s.concurrent.ThreadPoolTaskExecutor  : Initializing ExecutorService 'applicationTaskExecutor'
2022-11-16 21:26:11.439  WARN 20712 --- [    Test worker] aWebConfiguration$JpaWebMvcConfiguration : spring.jpa.open-in-view is enabled by default. Therefore, database queries may be performed during view rendering. Explicitly configure spring.jpa.open-in-view to disable this warning
2022-11-16 21:26:11.476  INFO 20712 --- [    Test worker] o.s.b.a.w.s.WelcomePageHandlerMapping    : Adding welcome page template: index
2022-11-16 21:26:11.916  INFO 20712 --- [    Test worker] s.a.ScheduledAnnotationBeanPostProcessor : No TaskScheduler/ScheduledExecutorService bean found for scheduled processing
2022-11-16 21:26:11.923  INFO 20712 --- [    Test worker] c.j.b.s.d.posts.PostsRepositoryTest      : Started PostsRepositoryTest in 4.337 seconds (JVM running for 5.079)
Hibernate: insert into posts (created_date, modified_date, author, content, title) values (?, ?, ?, ?, ?)
Hibernate: select posts0_.id as id1_0_, posts0_.created_date as created_2_0_, posts0_.modified_date as modified3_0_, posts0_.author as author4_0_, posts0_.content as content5_0_, posts0_.title as title6_0_ from posts posts0_
Hibernate: select posts0_.id as id1_0_, posts0_.created_date as created_2_0_, posts0_.modified_date as modified3_0_, posts0_.author as author4_0_, posts0_.content as content5_0_, posts0_.title as title6_0_ from posts posts0_
Hibernate: delete from posts where id=?
Hibernate: insert into posts (created_date, modified_date, author, content, title) values (?, ?, ?, ?, ?)
Hibernate: select posts0_.id as id1_0_, posts0_.created_date as created_2_0_, posts0_.modified_date as modified3_0_, posts0_.author as author4_0_, posts0_.content as content5_0_, posts0_.title as title6_0_ from posts posts0_
>>>>>>>>> createDate=2022-11-16T21:26:12.126, modifiedDate=2022-11-16T21:26:12.126
Hibernate: select posts0_.id as id1_0_, posts0_.created_date as created_2_0_, posts0_.modified_date as modified3_0_, posts0_.author as author4_0_, posts0_.content as content5_0_, posts0_.title as title6_0_ from posts posts0_
Hibernate: delete from posts where id=?
]]></system-out>
  <system-err><![CDATA[]]></system-err>
</testsuite>
